<?xml version="1.0" encoding="UTF-8"?>
<testsuite name="br.com.tqi.cpf.CpfTeste" tests="1" skipped="0" failures="0" errors="0" timestamp="2020-04-22T16:29:34" hostname="tqi-uol-001777" time="0.002">
  <properties/>
  <testcase name="testeCpfValido" classname="br.com.tqi.cpf.CpfTeste" time="0.002"/>
  <system-out><![CDATA[]]></system-out>
  <system-err><![CDATA[]]></system-err>
</testsuite>
